<?xml version="1.0" encoding="UTF-8"?>
<!-- Generated by org.testng.reporters.JUnitReportReporter -->
<testsuite hostname="rb-ssuri" failures="0" tests="1" name="script.EndToEndFormTest" time="102.358" errors="0" timestamp="2025-06-01T12:56:08 IST" skipped="0">
  <testcase classname="script.EndToEndFormTest" name="testValidLoginAndCompleteForm" time="102.358"/>
  <system-out/>
</testsuite> <!-- script.EndToEndFormTest -->
