<?xml version="1.0" encoding="UTF-8"?>
<!-- Generated by org.testng.reporters.JUnitReportReporter -->
<testsuite hostname="rb-ssuri" failures="0" tests="1" name="script.EligibilitySection" time="71.806" errors="0" timestamp="2025-05-29T11:44:32 IST" skipped="0">
  <testcase classname="script.EligibilitySection" name="testValidLoginAndNavigateToEligibility" time="71.806"/>
  <system-out/>
</testsuite> <!-- script.EligibilitySection -->
