<?xml version="1.0" encoding="UTF-8"?>
<!-- Generated by org.testng.reporters.JUnitReportReporter -->
<testsuite hostname="rb-ssuri" failures="0" tests="2" name="script.InValidLogin" time="9.636" errors="0" timestamp="2025-05-29T11:54:15 IST" skipped="0">
  <testcase classname="script.InValidLogin" name="testInvalidUsernameAndPassword" time="5.949"/>
  <system-out/>
  <testcase classname="script.InValidLogin" name="testValidUsernameAndInvalidPassword" time="3.687"/>
  <system-out/>
</testsuite> <!-- script.InValidLogin -->
