<?xml version="1.0" encoding="UTF-8"?>
<!-- Generated by org.testng.reporters.JUnitReportReporter -->
<testsuite hostname="rb-ssuri" failures="0" tests="1" name="script.DemoLogin" time="6.625" errors="0" timestamp="2025-05-23T21:28:49 IST" skipped="0">
  <testcase classname="script.DemoLogin" name="testA" time="6.625"/>
  <system-out/>
</testsuite> <!-- script.DemoLogin -->
