<?xml version="1.0" encoding="UTF-8"?>
<!-- Generated by org.testng.reporters.JUnitReportReporter -->
<testsuite hostname="rb-ssuri" failures="0" tests="1" name="script.ValidLoginTest" time="26.330" errors="0" timestamp="2025-06-01T11:03:44 IST" skipped="0">
  <testcase classname="script.ValidLoginTest" name="testLoginAndReachEligibilityForm" time="26.330"/>
  <system-out/>
</testsuite> <!-- script.ValidLoginTest -->
