<?xml version="1.0" encoding="UTF-8"?>
<!-- Generated by org.testng.reporters.JUnitReportReporter -->
<testsuite hostname="rb-ssuri" failures="0" tests="1" name="script.EndToEndErrorValidationTest" time="26.626" errors="0" timestamp="2025-05-31T21:23:19 IST" skipped="0">
  <testcase classname="script.EndToEndErrorValidationTest" name="testEndToEndErrorValidation" time="26.626"/>
  <system-out/>
</testsuite> <!-- script.EndToEndErrorValidationTest -->
