<?xml version="1.0" encoding="UTF-8"?>
<!-- Generated by org.testng.reporters.JUnitReportReporter -->
<testsuite hostname="rb-ssuri" failures="0" tests="1" name="script.EndToEndWarningValidationTest" time="22.519" errors="0" timestamp="2025-05-31T19:06:14 IST" skipped="0">
  <testcase classname="script.EndToEndWarningValidationTest" name="testWarningMessageAndFAQLink" time="22.519"/>
  <system-out/>
</testsuite> <!-- script.EndToEndWarningValidationTest -->
