<?xml version="1.0" encoding="UTF-8"?>
<!-- Generated by org.testng.reporters.JUnitReportReporter -->
<testsuite hostname="rb-ssuri" failures="0" tests="1" name="generic.BaseTest" time="23.268" errors="0" timestamp="2024-10-16T20:22:46 IST" skipped="0">
  <testcase classname="generic.BaseTest" name="preCondition" time="23.268"/>
  <system-out/>
</testsuite> <!-- generic.BaseTest -->
