<?xml version="1.0" encoding="UTF-8"?>
<!-- Generated by org.testng.reporters.JUnitReportReporter -->
<testsuite hostname="rb-ssuri" failures="0" tests="2" name="script.InValidLoginTest" time="10.704" errors="0" timestamp="2025-05-31T16:15:31 IST" skipped="0">
  <testcase classname="script.InValidLoginTest" name="testInvalidUsernameAndPassword" time="6.301"/>
  <system-out/>
  <testcase classname="script.InValidLoginTest" name="testValidUsernameAndInvalidPassword" time="4.403"/>
  <system-out/>
</testsuite> <!-- script.InValidLoginTest -->
