<?xml version="1.0" encoding="UTF-8"?>
<!-- Generated by org.testng.reporters.JUnitReportReporter -->
<testsuite hostname="rb-ssuri" failures="0" tests="1" name="script.Demo1" time="9.116" errors="0" timestamp="2024-10-21T11:37:45 IST" skipped="0">
  <testcase classname="script.Demo1" name="testA" time="9.116"/>
  <system-out/>
</testsuite> <!-- script.Demo1 -->
