<?xml version="1.0" encoding="UTF-8"?>
<!-- Generated by org.testng.reporters.JUnitReportReporter -->
<testsuite hostname="rb-ssuri" failures="0" tests="1" name="script.ValidLogin" time="11.830" errors="0" timestamp="2025-05-29T11:53:09 IST" skipped="0">
  <testcase classname="script.ValidLogin" name="testLoginAndReachEligibilityForm" time="11.830"/>
  <system-out/>
</testsuite> <!-- script.ValidLogin -->
